<?xml version="1.0" encoding="UTF-8"?>
<testsuite xmlns:xsi="http://www.w3.org/2001/XMLSchema-instance" xsi:noNamespaceSchemaLocation="https://maven.apache.org/surefire/maven-surefire-plugin/xsd/surefire-test-report-3.0.xsd" version="3.0" name="med.voll.api.ApiApplicationTests" time="17.997" tests="1" errors="0" skipped="0" failures="0">
  <properties>
    <property name="java.specification.version" value="17"/>
    <property name="sun.jnu.encoding" value="UTF-8"/>
    <property name="java.class.path" value="/Diversos/TJRO/CURSOS_AULAS_PROJETOS/alura-spring3-api-outubro-2023/target/test-classes:/Diversos/TJRO/CURSOS_AULAS_PROJETOS/alura-spring3-api-outubro-2023/target/classes:/home/oem/.m2/repository/org/springframework/boot/spring-boot-starter-web/3.2.0-SNAPSHOT/spring-boot-starter-web-3.2.0-SNAPSHOT.jar:/home/oem/.m2/repository/org/springframework/boot/spring-boot-starter/3.2.0-SNAPSHOT/spring-boot-starter-3.2.0-SNAPSHOT.jar:/home/oem/.m2/repository/org/springframework/boot/spring-boot-starter-logging/3.2.0-SNAPSHOT/spring-boot-starter-logging-3.2.0-SNAPSHOT.jar:/home/oem/.m2/repository/ch/qos/logback/logback-classic/1.4.11/logback-classic-1.4.11.jar:/home/oem/.m2/repository/ch/qos/logback/logback-core/1.4.11/logback-core-1.4.11.jar:/home/oem/.m2/repository/org/apache/logging/log4j/log4j-to-slf4j/2.21.1/log4j-to-slf4j-2.21.1.jar:/home/oem/.m2/repository/org/apache/logging/log4j/log4j-api/2.21.1/log4j-api-2.21.1.jar:/home/oem/.m2/repository/org/slf4j/jul-to-slf4j/2.0.9/jul-to-slf4j-2.0.9.jar:/home/oem/.m2/repository/jakarta/annotation/jakarta.annotation-api/2.1.1/jakarta.annotation-api-2.1.1.jar:/home/oem/.m2/repository/org/yaml/snakeyaml/2.2/snakeyaml-2.2.jar:/home/oem/.m2/repository/org/springframework/boot/spring-boot-starter-json/3.2.0-SNAPSHOT/spring-boot-starter-json-3.2.0-SNAPSHOT.jar:/home/oem/.m2/repository/com/fasterxml/jackson/datatype/jackson-datatype-jdk8/2.15.3/jackson-datatype-jdk8-2.15.3.jar:/home/oem/.m2/repository/com/fasterxml/jackson/datatype/jackson-datatype-jsr310/2.15.3/jackson-datatype-jsr310-2.15.3.jar:/home/oem/.m2/repository/com/fasterxml/jackson/module/jackson-module-parameter-names/2.15.3/jackson-module-parameter-names-2.15.3.jar:/home/oem/.m2/repository/org/springframework/boot/spring-boot-starter-tomcat/3.2.0-SNAPSHOT/spring-boot-starter-tomcat-3.2.0-SNAPSHOT.jar:/home/oem/.m2/repository/org/apache/tomcat/embed/tomcat-embed-core/10.1.15/tomcat-embed-core-10.1.15.jar:/home/oem/.m2/repository/org/apache/tomcat/embed/tomcat-embed-websocket/10.1.15/tomcat-embed-websocket-10.1.15.jar:/home/oem/.m2/repository/org/springframework/spring-web/6.1.0-RC2/spring-web-6.1.0-RC2.jar:/home/oem/.m2/repository/org/springframework/spring-beans/6.1.0-RC2/spring-beans-6.1.0-RC2.jar:/home/oem/.m2/repository/io/micrometer/micrometer-observation/1.12.0-RC1/micrometer-observation-1.12.0-RC1.jar:/home/oem/.m2/repository/io/micrometer/micrometer-commons/1.12.0-RC1/micrometer-commons-1.12.0-RC1.jar:/home/oem/.m2/repository/org/springframework/spring-webmvc/6.1.0-RC2/spring-webmvc-6.1.0-RC2.jar:/home/oem/.m2/repository/org/springframework/spring-context/6.1.0-RC2/spring-context-6.1.0-RC2.jar:/home/oem/.m2/repository/org/springframework/spring-expression/6.1.0-RC2/spring-expression-6.1.0-RC2.jar:/home/oem/.m2/repository/org/springframework/boot/spring-boot-devtools/3.2.0-SNAPSHOT/spring-boot-devtools-3.2.0-SNAPSHOT.jar:/home/oem/.m2/repository/org/springframework/boot/spring-boot/3.2.0-SNAPSHOT/spring-boot-3.2.0-SNAPSHOT.jar:/home/oem/.m2/repository/org/springframework/boot/spring-boot-autoconfigure/3.2.0-SNAPSHOT/spring-boot-autoconfigure-3.2.0-SNAPSHOT.jar:/home/oem/.m2/repository/org/projectlombok/lombok/1.18.30/lombok-1.18.30.jar:/home/oem/.m2/repository/org/springframework/boot/spring-boot-starter-test/3.2.0-SNAPSHOT/spring-boot-starter-test-3.2.0-SNAPSHOT.jar:/home/oem/.m2/repository/org/springframework/boot/spring-boot-test/3.2.0-SNAPSHOT/spring-boot-test-3.2.0-SNAPSHOT.jar:/home/oem/.m2/repository/org/springframework/boot/spring-boot-test-autoconfigure/3.2.0-SNAPSHOT/spring-boot-test-autoconfigure-3.2.0-SNAPSHOT.jar:/home/oem/.m2/repository/com/jayway/jsonpath/json-path/2.8.0/json-path-2.8.0.jar:/home/oem/.m2/repository/org/slf4j/slf4j-api/2.0.9/slf4j-api-2.0.9.jar:/home/oem/.m2/repository/jakarta/xml/bind/jakarta.xml.bind-api/4.0.1/jakarta.xml.bind-api-4.0.1.jar:/home/oem/.m2/repository/jakarta/activation/jakarta.activation-api/2.1.2/jakarta.activation-api-2.1.2.jar:/home/oem/.m2/repository/net/minidev/json-smart/2.5.0/json-smart-2.5.0.jar:/home/oem/.m2/repository/net/minidev/accessors-smart/2.5.0/accessors-smart-2.5.0.jar:/home/oem/.m2/repository/org/ow2/asm/asm/9.3/asm-9.3.jar:/home/oem/.m2/repository/org/assertj/assertj-core/3.24.2/assertj-core-3.24.2.jar:/home/oem/.m2/repository/net/bytebuddy/byte-buddy/1.14.9/byte-buddy-1.14.9.jar:/home/oem/.m2/repository/org/awaitility/awaitility/4.2.0/awaitility-4.2.0.jar:/home/oem/.m2/repository/org/hamcrest/hamcrest/2.2/hamcrest-2.2.jar:/home/oem/.m2/repository/org/junit/jupiter/junit-jupiter/5.10.0/junit-jupiter-5.10.0.jar:/home/oem/.m2/repository/org/junit/jupiter/junit-jupiter-api/5.10.0/junit-jupiter-api-5.10.0.jar:/home/oem/.m2/repository/org/opentest4j/opentest4j/1.3.0/opentest4j-1.3.0.jar:/home/oem/.m2/repository/org/junit/platform/junit-platform-commons/1.10.0/junit-platform-commons-1.10.0.jar:/home/oem/.m2/repository/org/apiguardian/apiguardian-api/1.1.2/apiguardian-api-1.1.2.jar:/home/oem/.m2/repository/org/junit/jupiter/junit-jupiter-params/5.10.0/junit-jupiter-params-5.10.0.jar:/home/oem/.m2/repository/org/junit/jupiter/junit-jupiter-engine/5.10.0/junit-jupiter-engine-5.10.0.jar:/home/oem/.m2/repository/org/junit/platform/junit-platform-engine/1.10.0/junit-platform-engine-1.10.0.jar:/home/oem/.m2/repository/org/mockito/mockito-core/5.6.0/mockito-core-5.6.0.jar:/home/oem/.m2/repository/net/bytebuddy/byte-buddy-agent/1.14.9/byte-buddy-agent-1.14.9.jar:/home/oem/.m2/repository/org/objenesis/objenesis/3.3/objenesis-3.3.jar:/home/oem/.m2/repository/org/mockito/mockito-junit-jupiter/5.6.0/mockito-junit-jupiter-5.6.0.jar:/home/oem/.m2/repository/org/skyscreamer/jsonassert/1.5.1/jsonassert-1.5.1.jar:/home/oem/.m2/repository/com/vaadin/external/google/android-json/0.0.20131108.vaadin1/android-json-0.0.20131108.vaadin1.jar:/home/oem/.m2/repository/org/springframework/spring-core/6.1.0-RC2/spring-core-6.1.0-RC2.jar:/home/oem/.m2/repository/org/springframework/spring-jcl/6.1.0-RC2/spring-jcl-6.1.0-RC2.jar:/home/oem/.m2/repository/org/springframework/spring-test/6.1.0-RC2/spring-test-6.1.0-RC2.jar:/home/oem/.m2/repository/org/xmlunit/xmlunit-core/2.9.1/xmlunit-core-2.9.1.jar:/home/oem/.m2/repository/org/springframework/boot/spring-boot-starter-data-jpa/3.2.0-SNAPSHOT/spring-boot-starter-data-jpa-3.2.0-SNAPSHOT.jar:/home/oem/.m2/repository/org/springframework/boot/spring-boot-starter-aop/3.2.0-SNAPSHOT/spring-boot-starter-aop-3.2.0-SNAPSHOT.jar:/home/oem/.m2/repository/org/aspectj/aspectjweaver/1.9.20/aspectjweaver-1.9.20.jar:/home/oem/.m2/repository/org/springframework/boot/spring-boot-starter-jdbc/3.2.0-SNAPSHOT/spring-boot-starter-jdbc-3.2.0-SNAPSHOT.jar:/home/oem/.m2/repository/com/zaxxer/HikariCP/5.0.1/HikariCP-5.0.1.jar:/home/oem/.m2/repository/org/springframework/spring-jdbc/6.1.0-RC2/spring-jdbc-6.1.0-RC2.jar:/home/oem/.m2/repository/org/hibernate/orm/hibernate-core/6.3.1.Final/hibernate-core-6.3.1.Final.jar:/home/oem/.m2/repository/jakarta/persistence/jakarta.persistence-api/3.1.0/jakarta.persistence-api-3.1.0.jar:/home/oem/.m2/repository/jakarta/transaction/jakarta.transaction-api/2.0.1/jakarta.transaction-api-2.0.1.jar:/home/oem/.m2/repository/org/jboss/logging/jboss-logging/3.5.3.Final/jboss-logging-3.5.3.Final.jar:/home/oem/.m2/repository/org/hibernate/common/hibernate-commons-annotations/6.0.6.Final/hibernate-commons-annotations-6.0.6.Final.jar:/home/oem/.m2/repository/io/smallrye/jandex/3.1.2/jandex-3.1.2.jar:/home/oem/.m2/repository/com/fasterxml/classmate/1.6.0/classmate-1.6.0.jar:/home/oem/.m2/repository/org/glassfish/jaxb/jaxb-runtime/4.0.4/jaxb-runtime-4.0.4.jar:/home/oem/.m2/repository/org/glassfish/jaxb/jaxb-core/4.0.4/jaxb-core-4.0.4.jar:/home/oem/.m2/repository/org/eclipse/angus/angus-activation/2.0.1/angus-activation-2.0.1.jar:/home/oem/.m2/repository/org/glassfish/jaxb/txw2/4.0.4/txw2-4.0.4.jar:/home/oem/.m2/repository/com/sun/istack/istack-commons-runtime/4.1.2/istack-commons-runtime-4.1.2.jar:/home/oem/.m2/repository/jakarta/inject/jakarta.inject-api/2.0.1/jakarta.inject-api-2.0.1.jar:/home/oem/.m2/repository/org/antlr/antlr4-runtime/4.10.1/antlr4-runtime-4.10.1.jar:/home/oem/.m2/repository/org/springframework/data/spring-data-jpa/3.2.0-RC1/spring-data-jpa-3.2.0-RC1.jar:/home/oem/.m2/repository/org/springframework/data/spring-data-commons/3.2.0-RC1/spring-data-commons-3.2.0-RC1.jar:/home/oem/.m2/repository/org/springframework/spring-orm/6.1.0-RC2/spring-orm-6.1.0-RC2.jar:/home/oem/.m2/repository/org/springframework/spring-tx/6.1.0-RC2/spring-tx-6.1.0-RC2.jar:/home/oem/.m2/repository/org/springframework/spring-aspects/6.1.0-RC2/spring-aspects-6.1.0-RC2.jar:/home/oem/.m2/repository/org/springframework/boot/spring-boot-starter-validation/3.2.0-SNAPSHOT/spring-boot-starter-validation-3.2.0-SNAPSHOT.jar:/home/oem/.m2/repository/org/apache/tomcat/embed/tomcat-embed-el/10.1.15/tomcat-embed-el-10.1.15.jar:/home/oem/.m2/repository/org/hibernate/validator/hibernate-validator/8.0.1.Final/hibernate-validator-8.0.1.Final.jar:/home/oem/.m2/repository/jakarta/validation/jakarta.validation-api/3.0.2/jakarta.validation-api-3.0.2.jar:/home/oem/.m2/repository/org/flywaydb/flyway-core/9.22.3/flyway-core-9.22.3.jar:/home/oem/.m2/repository/com/fasterxml/jackson/dataformat/jackson-dataformat-toml/2.15.3/jackson-dataformat-toml-2.15.3.jar:/home/oem/.m2/repository/com/fasterxml/jackson/core/jackson-core/2.15.3/jackson-core-2.15.3.jar:/home/oem/.m2/repository/com/google/code/gson/gson/2.10.1/gson-2.10.1.jar:/home/oem/.m2/repository/org/flywaydb/flyway-mysql/9.22.3/flyway-mysql-9.22.3.jar:/home/oem/.m2/repository/com/mysql/mysql-connector-j/8.1.0/mysql-connector-j-8.1.0.jar:/home/oem/.m2/repository/org/springframework/boot/spring-boot-starter-security/3.2.0-SNAPSHOT/spring-boot-starter-security-3.2.0-SNAPSHOT.jar:/home/oem/.m2/repository/org/springframework/spring-aop/6.1.0-RC2/spring-aop-6.1.0-RC2.jar:/home/oem/.m2/repository/org/springframework/security/spring-security-config/6.2.0-RC2/spring-security-config-6.2.0-RC2.jar:/home/oem/.m2/repository/org/springframework/security/spring-security-web/6.2.0-RC2/spring-security-web-6.2.0-RC2.jar:/home/oem/.m2/repository/org/springframework/security/spring-security-test/6.2.0-RC2/spring-security-test-6.2.0-RC2.jar:/home/oem/.m2/repository/org/springframework/security/spring-security-core/6.2.0-RC2/spring-security-core-6.2.0-RC2.jar:/home/oem/.m2/repository/org/springframework/security/spring-security-crypto/6.2.0-RC2/spring-security-crypto-6.2.0-RC2.jar:/home/oem/.m2/repository/com/auth0/java-jwt/4.4.0/java-jwt-4.4.0.jar:/home/oem/.m2/repository/com/fasterxml/jackson/core/jackson-databind/2.15.3/jackson-databind-2.15.3.jar:/home/oem/.m2/repository/com/fasterxml/jackson/core/jackson-annotations/2.15.3/jackson-annotations-2.15.3.jar:"/>
    <property name="java.vm.vendor" value="Oracle Corporation"/>
    <property name="sun.arch.data.model" value="64"/>
    <property name="java.vendor.url" value="https://java.oracle.com/"/>
    <property name="user.timezone" value="America/Porto_Velho"/>
    <property name="org.jboss.logging.provider" value="slf4j"/>
    <property name="os.name" value="Linux"/>
    <property name="java.vm.specification.version" value="17"/>
    <property name="sun.java.launcher" value="SUN_STANDARD"/>
    <property name="user.country" value="BR"/>
    <property name="sun.boot.library.path" value="/home/oem/.sdkman/candidates/java/17.0.7-oracle/lib"/>
    <property name="sun.java.command" value="/Diversos/TJRO/CURSOS_AULAS_PROJETOS/alura-spring3-api-outubro-2023/target/surefire/surefirebooter-20231103192901065_3.jar /Diversos/TJRO/CURSOS_AULAS_PROJETOS/alura-spring3-api-outubro-2023/target/surefire 2023-11-03T19-29-00_759-jvmRun1 surefire-20231103192901065_1tmp surefire_0-20231103192901065_2tmp"/>
    <property name="jdk.debug" value="release"/>
    <property name="surefire.test.class.path" value="/Diversos/TJRO/CURSOS_AULAS_PROJETOS/alura-spring3-api-outubro-2023/target/test-classes:/Diversos/TJRO/CURSOS_AULAS_PROJETOS/alura-spring3-api-outubro-2023/target/classes:/home/oem/.m2/repository/org/springframework/boot/spring-boot-starter-web/3.2.0-SNAPSHOT/spring-boot-starter-web-3.2.0-SNAPSHOT.jar:/home/oem/.m2/repository/org/springframework/boot/spring-boot-starter/3.2.0-SNAPSHOT/spring-boot-starter-3.2.0-SNAPSHOT.jar:/home/oem/.m2/repository/org/springframework/boot/spring-boot-starter-logging/3.2.0-SNAPSHOT/spring-boot-starter-logging-3.2.0-SNAPSHOT.jar:/home/oem/.m2/repository/ch/qos/logback/logback-classic/1.4.11/logback-classic-1.4.11.jar:/home/oem/.m2/repository/ch/qos/logback/logback-core/1.4.11/logback-core-1.4.11.jar:/home/oem/.m2/repository/org/apache/logging/log4j/log4j-to-slf4j/2.21.1/log4j-to-slf4j-2.21.1.jar:/home/oem/.m2/repository/org/apache/logging/log4j/log4j-api/2.21.1/log4j-api-2.21.1.jar:/home/oem/.m2/repository/org/slf4j/jul-to-slf4j/2.0.9/jul-to-slf4j-2.0.9.jar:/home/oem/.m2/repository/jakarta/annotation/jakarta.annotation-api/2.1.1/jakarta.annotation-api-2.1.1.jar:/home/oem/.m2/repository/org/yaml/snakeyaml/2.2/snakeyaml-2.2.jar:/home/oem/.m2/repository/org/springframework/boot/spring-boot-starter-json/3.2.0-SNAPSHOT/spring-boot-starter-json-3.2.0-SNAPSHOT.jar:/home/oem/.m2/repository/com/fasterxml/jackson/datatype/jackson-datatype-jdk8/2.15.3/jackson-datatype-jdk8-2.15.3.jar:/home/oem/.m2/repository/com/fasterxml/jackson/datatype/jackson-datatype-jsr310/2.15.3/jackson-datatype-jsr310-2.15.3.jar:/home/oem/.m2/repository/com/fasterxml/jackson/module/jackson-module-parameter-names/2.15.3/jackson-module-parameter-names-2.15.3.jar:/home/oem/.m2/repository/org/springframework/boot/spring-boot-starter-tomcat/3.2.0-SNAPSHOT/spring-boot-starter-tomcat-3.2.0-SNAPSHOT.jar:/home/oem/.m2/repository/org/apache/tomcat/embed/tomcat-embed-core/10.1.15/tomcat-embed-core-10.1.15.jar:/home/oem/.m2/repository/org/apache/tomcat/embed/tomcat-embed-websocket/10.1.15/tomcat-embed-websocket-10.1.15.jar:/home/oem/.m2/repository/org/springframework/spring-web/6.1.0-RC2/spring-web-6.1.0-RC2.jar:/home/oem/.m2/repository/org/springframework/spring-beans/6.1.0-RC2/spring-beans-6.1.0-RC2.jar:/home/oem/.m2/repository/io/micrometer/micrometer-observation/1.12.0-RC1/micrometer-observation-1.12.0-RC1.jar:/home/oem/.m2/repository/io/micrometer/micrometer-commons/1.12.0-RC1/micrometer-commons-1.12.0-RC1.jar:/home/oem/.m2/repository/org/springframework/spring-webmvc/6.1.0-RC2/spring-webmvc-6.1.0-RC2.jar:/home/oem/.m2/repository/org/springframework/spring-context/6.1.0-RC2/spring-context-6.1.0-RC2.jar:/home/oem/.m2/repository/org/springframework/spring-expression/6.1.0-RC2/spring-expression-6.1.0-RC2.jar:/home/oem/.m2/repository/org/springframework/boot/spring-boot-devtools/3.2.0-SNAPSHOT/spring-boot-devtools-3.2.0-SNAPSHOT.jar:/home/oem/.m2/repository/org/springframework/boot/spring-boot/3.2.0-SNAPSHOT/spring-boot-3.2.0-SNAPSHOT.jar:/home/oem/.m2/repository/org/springframework/boot/spring-boot-autoconfigure/3.2.0-SNAPSHOT/spring-boot-autoconfigure-3.2.0-SNAPSHOT.jar:/home/oem/.m2/repository/org/projectlombok/lombok/1.18.30/lombok-1.18.30.jar:/home/oem/.m2/repository/org/springframework/boot/spring-boot-starter-test/3.2.0-SNAPSHOT/spring-boot-starter-test-3.2.0-SNAPSHOT.jar:/home/oem/.m2/repository/org/springframework/boot/spring-boot-test/3.2.0-SNAPSHOT/spring-boot-test-3.2.0-SNAPSHOT.jar:/home/oem/.m2/repository/org/springframework/boot/spring-boot-test-autoconfigure/3.2.0-SNAPSHOT/spring-boot-test-autoconfigure-3.2.0-SNAPSHOT.jar:/home/oem/.m2/repository/com/jayway/jsonpath/json-path/2.8.0/json-path-2.8.0.jar:/home/oem/.m2/repository/org/slf4j/slf4j-api/2.0.9/slf4j-api-2.0.9.jar:/home/oem/.m2/repository/jakarta/xml/bind/jakarta.xml.bind-api/4.0.1/jakarta.xml.bind-api-4.0.1.jar:/home/oem/.m2/repository/jakarta/activation/jakarta.activation-api/2.1.2/jakarta.activation-api-2.1.2.jar:/home/oem/.m2/repository/net/minidev/json-smart/2.5.0/json-smart-2.5.0.jar:/home/oem/.m2/repository/net/minidev/accessors-smart/2.5.0/accessors-smart-2.5.0.jar:/home/oem/.m2/repository/org/ow2/asm/asm/9.3/asm-9.3.jar:/home/oem/.m2/repository/org/assertj/assertj-core/3.24.2/assertj-core-3.24.2.jar:/home/oem/.m2/repository/net/bytebuddy/byte-buddy/1.14.9/byte-buddy-1.14.9.jar:/home/oem/.m2/repository/org/awaitility/awaitility/4.2.0/awaitility-4.2.0.jar:/home/oem/.m2/repository/org/hamcrest/hamcrest/2.2/hamcrest-2.2.jar:/home/oem/.m2/repository/org/junit/jupiter/junit-jupiter/5.10.0/junit-jupiter-5.10.0.jar:/home/oem/.m2/repository/org/junit/jupiter/junit-jupiter-api/5.10.0/junit-jupiter-api-5.10.0.jar:/home/oem/.m2/repository/org/opentest4j/opentest4j/1.3.0/opentest4j-1.3.0.jar:/home/oem/.m2/repository/org/junit/platform/junit-platform-commons/1.10.0/junit-platform-commons-1.10.0.jar:/home/oem/.m2/repository/org/apiguardian/apiguardian-api/1.1.2/apiguardian-api-1.1.2.jar:/home/oem/.m2/repository/org/junit/jupiter/junit-jupiter-params/5.10.0/junit-jupiter-params-5.10.0.jar:/home/oem/.m2/repository/org/junit/jupiter/junit-jupiter-engine/5.10.0/junit-jupiter-engine-5.10.0.jar:/home/oem/.m2/repository/org/junit/platform/junit-platform-engine/1.10.0/junit-platform-engine-1.10.0.jar:/home/oem/.m2/repository/org/mockito/mockito-core/5.6.0/mockito-core-5.6.0.jar:/home/oem/.m2/repository/net/bytebuddy/byte-buddy-agent/1.14.9/byte-buddy-agent-1.14.9.jar:/home/oem/.m2/repository/org/objenesis/objenesis/3.3/objenesis-3.3.jar:/home/oem/.m2/repository/org/mockito/mockito-junit-jupiter/5.6.0/mockito-junit-jupiter-5.6.0.jar:/home/oem/.m2/repository/org/skyscreamer/jsonassert/1.5.1/jsonassert-1.5.1.jar:/home/oem/.m2/repository/com/vaadin/external/google/android-json/0.0.20131108.vaadin1/android-json-0.0.20131108.vaadin1.jar:/home/oem/.m2/repository/org/springframework/spring-core/6.1.0-RC2/spring-core-6.1.0-RC2.jar:/home/oem/.m2/repository/org/springframework/spring-jcl/6.1.0-RC2/spring-jcl-6.1.0-RC2.jar:/home/oem/.m2/repository/org/springframework/spring-test/6.1.0-RC2/spring-test-6.1.0-RC2.jar:/home/oem/.m2/repository/org/xmlunit/xmlunit-core/2.9.1/xmlunit-core-2.9.1.jar:/home/oem/.m2/repository/org/springframework/boot/spring-boot-starter-data-jpa/3.2.0-SNAPSHOT/spring-boot-starter-data-jpa-3.2.0-SNAPSHOT.jar:/home/oem/.m2/repository/org/springframework/boot/spring-boot-starter-aop/3.2.0-SNAPSHOT/spring-boot-starter-aop-3.2.0-SNAPSHOT.jar:/home/oem/.m2/repository/org/aspectj/aspectjweaver/1.9.20/aspectjweaver-1.9.20.jar:/home/oem/.m2/repository/org/springframework/boot/spring-boot-starter-jdbc/3.2.0-SNAPSHOT/spring-boot-starter-jdbc-3.2.0-SNAPSHOT.jar:/home/oem/.m2/repository/com/zaxxer/HikariCP/5.0.1/HikariCP-5.0.1.jar:/home/oem/.m2/repository/org/springframework/spring-jdbc/6.1.0-RC2/spring-jdbc-6.1.0-RC2.jar:/home/oem/.m2/repository/org/hibernate/orm/hibernate-core/6.3.1.Final/hibernate-core-6.3.1.Final.jar:/home/oem/.m2/repository/jakarta/persistence/jakarta.persistence-api/3.1.0/jakarta.persistence-api-3.1.0.jar:/home/oem/.m2/repository/jakarta/transaction/jakarta.transaction-api/2.0.1/jakarta.transaction-api-2.0.1.jar:/home/oem/.m2/repository/org/jboss/logging/jboss-logging/3.5.3.Final/jboss-logging-3.5.3.Final.jar:/home/oem/.m2/repository/org/hibernate/common/hibernate-commons-annotations/6.0.6.Final/hibernate-commons-annotations-6.0.6.Final.jar:/home/oem/.m2/repository/io/smallrye/jandex/3.1.2/jandex-3.1.2.jar:/home/oem/.m2/repository/com/fasterxml/classmate/1.6.0/classmate-1.6.0.jar:/home/oem/.m2/repository/org/glassfish/jaxb/jaxb-runtime/4.0.4/jaxb-runtime-4.0.4.jar:/home/oem/.m2/repository/org/glassfish/jaxb/jaxb-core/4.0.4/jaxb-core-4.0.4.jar:/home/oem/.m2/repository/org/eclipse/angus/angus-activation/2.0.1/angus-activation-2.0.1.jar:/home/oem/.m2/repository/org/glassfish/jaxb/txw2/4.0.4/txw2-4.0.4.jar:/home/oem/.m2/repository/com/sun/istack/istack-commons-runtime/4.1.2/istack-commons-runtime-4.1.2.jar:/home/oem/.m2/repository/jakarta/inject/jakarta.inject-api/2.0.1/jakarta.inject-api-2.0.1.jar:/home/oem/.m2/repository/org/antlr/antlr4-runtime/4.10.1/antlr4-runtime-4.10.1.jar:/home/oem/.m2/repository/org/springframework/data/spring-data-jpa/3.2.0-RC1/spring-data-jpa-3.2.0-RC1.jar:/home/oem/.m2/repository/org/springframework/data/spring-data-commons/3.2.0-RC1/spring-data-commons-3.2.0-RC1.jar:/home/oem/.m2/repository/org/springframework/spring-orm/6.1.0-RC2/spring-orm-6.1.0-RC2.jar:/home/oem/.m2/repository/org/springframework/spring-tx/6.1.0-RC2/spring-tx-6.1.0-RC2.jar:/home/oem/.m2/repository/org/springframework/spring-aspects/6.1.0-RC2/spring-aspects-6.1.0-RC2.jar:/home/oem/.m2/repository/org/springframework/boot/spring-boot-starter-validation/3.2.0-SNAPSHOT/spring-boot-starter-validation-3.2.0-SNAPSHOT.jar:/home/oem/.m2/repository/org/apache/tomcat/embed/tomcat-embed-el/10.1.15/tomcat-embed-el-10.1.15.jar:/home/oem/.m2/repository/org/hibernate/validator/hibernate-validator/8.0.1.Final/hibernate-validator-8.0.1.Final.jar:/home/oem/.m2/repository/jakarta/validation/jakarta.validation-api/3.0.2/jakarta.validation-api-3.0.2.jar:/home/oem/.m2/repository/org/flywaydb/flyway-core/9.22.3/flyway-core-9.22.3.jar:/home/oem/.m2/repository/com/fasterxml/jackson/dataformat/jackson-dataformat-toml/2.15.3/jackson-dataformat-toml-2.15.3.jar:/home/oem/.m2/repository/com/fasterxml/jackson/core/jackson-core/2.15.3/jackson-core-2.15.3.jar:/home/oem/.m2/repository/com/google/code/gson/gson/2.10.1/gson-2.10.1.jar:/home/oem/.m2/repository/org/flywaydb/flyway-mysql/9.22.3/flyway-mysql-9.22.3.jar:/home/oem/.m2/repository/com/mysql/mysql-connector-j/8.1.0/mysql-connector-j-8.1.0.jar:/home/oem/.m2/repository/org/springframework/boot/spring-boot-starter-security/3.2.0-SNAPSHOT/spring-boot-starter-security-3.2.0-SNAPSHOT.jar:/home/oem/.m2/repository/org/springframework/spring-aop/6.1.0-RC2/spring-aop-6.1.0-RC2.jar:/home/oem/.m2/repository/org/springframework/security/spring-security-config/6.2.0-RC2/spring-security-config-6.2.0-RC2.jar:/home/oem/.m2/repository/org/springframework/security/spring-security-web/6.2.0-RC2/spring-security-web-6.2.0-RC2.jar:/home/oem/.m2/repository/org/springframework/security/spring-security-test/6.2.0-RC2/spring-security-test-6.2.0-RC2.jar:/home/oem/.m2/repository/org/springframework/security/spring-security-core/6.2.0-RC2/spring-security-core-6.2.0-RC2.jar:/home/oem/.m2/repository/org/springframework/security/spring-security-crypto/6.2.0-RC2/spring-security-crypto-6.2.0-RC2.jar:/home/oem/.m2/repository/com/auth0/java-jwt/4.4.0/java-jwt-4.4.0.jar:/home/oem/.m2/repository/com/fasterxml/jackson/core/jackson-databind/2.15.3/jackson-databind-2.15.3.jar:/home/oem/.m2/repository/com/fasterxml/jackson/core/jackson-annotations/2.15.3/jackson-annotations-2.15.3.jar:"/>
    <property name="sun.cpu.endian" value="little"/>
    <property name="user.home" value="/home/oem"/>
    <property name="user.language" value="pt"/>
    <property name="java.specification.vendor" value="Oracle Corporation"/>
    <property name="java.version.date" value="2023-04-18"/>
    <property name="java.home" value="/home/oem/.sdkman/candidates/java/17.0.7-oracle"/>
    <property name="file.separator" value="/"/>
    <property name="basedir" value="/Diversos/TJRO/CURSOS_AULAS_PROJETOS/alura-spring3-api-outubro-2023"/>
    <property name="java.vm.compressedOopsMode" value="Zero based"/>
    <property name="line.separator" value="&#10;"/>
    <property name="java.specification.name" value="Java Platform API Specification"/>
    <property name="java.vm.specification.vendor" value="Oracle Corporation"/>
    <property name="FILE_LOG_CHARSET" value="UTF-8"/>
    <property name="java.awt.headless" value="true"/>
    <property name="surefire.real.class.path" value="/Diversos/TJRO/CURSOS_AULAS_PROJETOS/alura-spring3-api-outubro-2023/target/surefire/surefirebooter-20231103192901065_3.jar"/>
    <property name="sun.management.compiler" value="HotSpot 64-Bit Tiered Compilers"/>
    <property name="java.runtime.version" value="17.0.7+8-LTS-224"/>
    <property name="user.name" value="oem"/>
    <property name="path.separator" value=":"/>
    <property name="os.version" value="5.15.0-41-generic"/>
    <property name="java.runtime.name" value="Java(TM) SE Runtime Environment"/>
    <property name="file.encoding" value="UTF-8"/>
    <property name="java.vm.name" value="Java HotSpot(TM) 64-Bit Server VM"/>
    <property name="localRepository" value="/home/oem/.m2/repository"/>
    <property name="java.vendor.url.bug" value="https://bugreport.java.com/bugreport/"/>
    <property name="java.io.tmpdir" value="/tmp"/>
    <property name="idea.version" value="2023.2"/>
    <property name="com.zaxxer.hikari.pool_number" value="1"/>
    <property name="java.version" value="17.0.7"/>
    <property name="user.dir" value="/Diversos/TJRO/CURSOS_AULAS_PROJETOS/alura-spring3-api-outubro-2023"/>
    <property name="os.arch" value="amd64"/>
    <property name="java.vm.specification.name" value="Java Virtual Machine Specification"/>
    <property name="PID" value="14355"/>
    <property name="CONSOLE_LOG_CHARSET" value="UTF-8"/>
    <property name="native.encoding" value="UTF-8"/>
    <property name="java.library.path" value="/usr/java/packages/lib:/usr/lib64:/lib64:/lib:/usr/lib"/>
    <property name="java.vm.info" value="mixed mode, sharing"/>
    <property name="java.vendor" value="Oracle Corporation"/>
    <property name="java.vm.version" value="17.0.7+8-LTS-224"/>
    <property name="sun.io.unicode.encoding" value="UnicodeLittle"/>
    <property name="java.class.version" value="61.0"/>
  </properties>
  <testcase name="contextLoads" classname="med.voll.api.ApiApplicationTests" time="1.219">
    <system-out><![CDATA[19:29:05.149 [main] INFO org.springframework.test.context.support.AnnotationConfigContextLoaderUtils -- Could not detect default configuration classes for test class [med.voll.api.ApiApplicationTests]: ApiApplicationTests does not declare any static, non-private, non-final, nested classes annotated with @Configuration.
19:29:05.726 [main] INFO org.springframework.boot.test.context.SpringBootTestContextBootstrapper -- Found @SpringBootConfiguration med.voll.api.ApiApplication for test class med.voll.api.ApiApplicationTests
19:29:06.827 [main] INFO org.springframework.boot.devtools.restart.RestartApplicationListener -- Restart disabled due to context in which it is running

  .   ____          _            __ _ _
 /\\ / ___'_ __ _ _(_)_ __  __ _ \ \ \ \
( ( )\___ | '_ | '_| | '_ \/ _` | \ \ \ \
 \\/  ___)| |_)| | | | | || (_| |  ) ) ) )
  '  |____| .__|_| |_|_| |_\__, | / / / /
 =========|_|==============|___/=/_/_/_/
 :: Spring Boot ::       (v3.2.0-SNAPSHOT)

2023-11-03T19:29:08.393-04:00  INFO 14355 --- [           main] med.voll.api.ApiApplicationTests         : Starting ApiApplicationTests using Java 17.0.7 with PID 14355 (started by oem in /Diversos/TJRO/CURSOS_AULAS_PROJETOS/alura-spring3-api-outubro-2023)
2023-11-03T19:29:08.402-04:00  INFO 14355 --- [           main] med.voll.api.ApiApplicationTests         : No active profile set, falling back to 1 default profile: "default"
2023-11-03T19:29:11.942-04:00  INFO 14355 --- [           main] .s.d.r.c.RepositoryConfigurationDelegate : Bootstrapping Spring Data JPA repositories in DEFAULT mode.
2023-11-03T19:29:12.074-04:00  INFO 14355 --- [           main] .s.d.r.c.RepositoryConfigurationDelegate : Finished Spring Data repository scanning in 118 ms. Found 2 JPA repository interfaces.
2023-11-03T19:29:14.352-04:00  INFO 14355 --- [           main] o.f.c.internal.license.VersionPrinter    : Flyway Community Edition 9.22.3 by Redgate
2023-11-03T19:29:14.352-04:00  INFO 14355 --- [           main] o.f.c.internal.license.VersionPrinter    : See release notes here: https://rd.gt/416ObMi
2023-11-03T19:29:14.353-04:00  INFO 14355 --- [           main] o.f.c.internal.license.VersionPrinter    : 
2023-11-03T19:29:14.439-04:00  INFO 14355 --- [           main] org.flywaydb.core.FlywayExecutor         : Database: jdbc:mysql://localhost/vollmed_api (MySQL 8.0)
2023-11-03T19:29:14.554-04:00  INFO 14355 --- [           main] o.f.core.internal.command.DbValidate     : Successfully validated 6 migrations (execution time 00:00.065s)
2023-11-03T19:29:14.594-04:00  INFO 14355 --- [           main] o.f.core.internal.command.DbMigrate      : Current version of schema `vollmed_api`: 6
2023-11-03T19:29:14.600-04:00  INFO 14355 --- [           main] o.f.core.internal.command.DbMigrate      : Schema `vollmed_api` is up to date. No migration necessary.
2023-11-03T19:29:14.715-04:00  INFO 14355 --- [           main] com.zaxxer.hikari.HikariDataSource       : HikariPool-1 - Starting...
2023-11-03T19:29:14.790-04:00  INFO 14355 --- [           main] com.zaxxer.hikari.pool.HikariPool        : HikariPool-1 - Added connection com.mysql.cj.jdbc.ConnectionImpl@401e02b4
2023-11-03T19:29:14.795-04:00  INFO 14355 --- [           main] com.zaxxer.hikari.HikariDataSource       : HikariPool-1 - Start completed.
2023-11-03T19:29:14.874-04:00  INFO 14355 --- [           main] o.hibernate.jpa.internal.util.LogHelper  : HHH000204: Processing PersistenceUnitInfo [name: default]
2023-11-03T19:29:15.024-04:00  INFO 14355 --- [           main] org.hibernate.Version                    : HHH000412: Hibernate ORM core version 6.3.1.Final
2023-11-03T19:29:15.102-04:00  INFO 14355 --- [           main] o.h.c.internal.RegionFactoryInitiator    : HHH000026: Second-level cache disabled
2023-11-03T19:29:15.547-04:00  INFO 14355 --- [           main] o.s.o.j.p.SpringPersistenceUnitInfo      : No LoadTimeWeaver setup: ignoring JPA class transformer
2023-11-03T19:29:17.560-04:00  INFO 14355 --- [           main] o.h.e.t.j.p.i.JtaPlatformInitiator       : HHH000489: No JTA platform available (set 'hibernate.transaction.jta.platform' to enable JTA platform integration)
2023-11-03T19:29:17.568-04:00  INFO 14355 --- [           main] j.LocalContainerEntityManagerFactoryBean : Initialized JPA EntityManagerFactory for persistence unit 'default'
2023-11-03T19:29:19.135-04:00  WARN 14355 --- [           main] JpaBaseConfiguration$JpaWebConfiguration : spring.jpa.open-in-view is enabled by default. Therefore, database queries may be performed during view rendering. Explicitly configure spring.jpa.open-in-view to disable this warning
2023-11-03T19:29:20.031-04:00  INFO 14355 --- [           main] o.s.s.web.DefaultSecurityFilterChain     : Will secure any request with [org.springframework.security.web.session.DisableEncodeUrlFilter@7b1b1784, org.springframework.security.web.context.request.async.WebAsyncManagerIntegrationFilter@288e50c1, org.springframework.security.web.context.SecurityContextHolderFilter@2c8c42c, org.springframework.security.web.header.HeaderWriterFilter@45649467, org.springframework.web.filter.CorsFilter@58e0d1ac, org.springframework.security.web.authentication.logout.LogoutFilter@40625ac6, med.voll.api.config.SecurityFilter@5afa0b1a, org.springframework.security.web.savedrequest.RequestCacheAwareFilter@6d4df1d2, org.springframework.security.web.servletapi.SecurityContextHolderAwareRequestFilter@70ca8e72, org.springframework.security.web.authentication.AnonymousAuthenticationFilter@7fba30fe, org.springframework.security.web.session.SessionManagementFilter@3c577368, org.springframework.security.web.access.ExceptionTranslationFilter@6fd07a56, org.springframework.security.web.access.intercept.AuthorizationFilter@69374e28]
2023-11-03T19:29:20.867-04:00  INFO 14355 --- [           main] med.voll.api.ApiApplicationTests         : Started ApiApplicationTests in 14.069 seconds (process running for 19.615)
]]></system-out>
  </testcase>
</testsuite>